2020.06.17 21:26:04.322 [INFO] - Starting OSPPApplication on Carlos-MacBook-Pro.local with PID 10158 (/Users/bananenhoschi/Dev/fhnw/ip6/IP6-Optimal-Scheduling-of-Project-Presentations/ospp-application/target/classes started by bananenhoschi in /Users/bananenhoschi/Dev/fhnw/ip6/IP6-Optimal-Scheduling-of-Project-Presentations)
2020.06.17 21:26:04.327 [INFO] - The following profiles are active: dev
2020.06.17 21:26:05.983 [INFO] - Bootstrapping Spring Data JPA repositories in DEFAULT mode.
2020.06.17 21:26:06.093 [INFO] - Finished Spring Data repository scanning in 101ms. Found 6 JPA repository interfaces.
2020.06.17 21:26:06.938 [INFO] - Tomcat initialized with port(s): 8080 (http)
2020.06.17 21:26:06.952 [INFO] - Initializing ProtocolHandler ["http-nio-0.0.0.0-8080"]
2020.06.17 21:26:06.952 [INFO] - Starting service [Tomcat]
2020.06.17 21:26:06.952 [INFO] - Starting Servlet engine: [Apache Tomcat/9.0.31]
2020.06.17 21:26:07.592 [INFO] - Initializing Spring embedded WebApplicationContext
2020.06.17 21:26:07.592 [INFO] - Root WebApplicationContext: initialization completed in 3210 ms
2020.06.17 21:26:07.843 [INFO] - HHH000204: Processing PersistenceUnitInfo [name: default]
2020.06.17 21:26:07.942 [INFO] - HHH000412: Hibernate ORM core version 5.4.12.Final
2020.06.17 21:26:08.166 [INFO] - HCANN000001: Hibernate Commons Annotations {5.1.0.Final}
2020.06.17 21:26:08.296 [INFO] - HikariPool-1 - Starting...
2020.06.17 21:26:08.495 [INFO] - HikariPool-1 - Start completed.
2020.06.17 21:26:08.514 [INFO] - HHH000400: Using dialect: org.hibernate.dialect.H2Dialect
2020.06.17 21:26:09.623 [INFO] - HHH000490: Using JtaPlatform implementation: [org.hibernate.engine.transaction.jta.platform.internal.NoJtaPlatform]
2020.06.17 21:26:09.632 [INFO] - Initialized JPA EntityManagerFactory for persistence unit 'default'
2020.06.17 21:26:09.707 [WARN] - spring.jpa.open-in-view is enabled by default. Therefore, database queries may be performed during view rendering. Explicitly configure spring.jpa.open-in-view to disable this warning
2020.06.17 21:26:11.941 [INFO] - Initializing ExecutorService 'applicationTaskExecutor'
2020.06.17 21:26:12.274 [INFO] - 

Using generated security password: 441b559c-ce7c-42d0-9b64-68e4ccf32abd

2020.06.17 21:26:12.542 [INFO] - Creating filter chain: any request, [org.springframework.security.web.context.request.async.WebAsyncManagerIntegrationFilter@63d43a5, org.springframework.security.web.context.SecurityContextPersistenceFilter@c6db00d, org.springframework.security.web.header.HeaderWriterFilter@7a085d02, org.springframework.security.web.authentication.logout.LogoutFilter@1db7a4ae, org.springframework.security.web.authentication.www.BasicAuthenticationFilter@d5eca06, org.springframework.security.web.savedrequest.RequestCacheAwareFilter@413e8246, org.springframework.security.web.servletapi.SecurityContextHolderAwareRequestFilter@6a1b4854, org.springframework.security.web.authentication.AnonymousAuthenticationFilter@55159007, org.springframework.security.web.session.SessionManagementFilter@3811464b, org.springframework.security.web.access.ExceptionTranslationFilter@3a75d9a1, org.springframework.security.web.access.intercept.FilterSecurityInterceptor@5fdff4f1]
2020.06.17 21:26:12.736 [INFO] - Starting ProtocolHandler ["http-nio-0.0.0.0-8080"]
2020.06.17 21:26:12.809 [INFO] - Tomcat started on port(s): 8080 (http) with context path ''
2020.06.17 21:26:12.815 [INFO] - Started OSPPApplication in 9.374 seconds (JVM running for 11.173)
2020.06.17 21:26:14.256 [INFO] - Lecturers loaded (108)
2020.06.17 21:26:15.193 [INFO] - Presentations loaded (189)
2020.06.17 21:26:15.253 [INFO] - Rooms loaded (33)
2020.06.17 21:26:15.291 [INFO] - Timeslots loaded (18)
2020.06.17 21:26:15.394 [INFO] - Offtimes loaded (18)
